#
# There is insufficient memory for the Java Runtime Environment to continue.
# Native memory allocation (malloc) failed to allocate 1048576 bytes for AllocateHeap
# Possible reasons:
#   The system is out of physical RAM or swap space
#   The process is running with CompressedOops enabled, and the Java Heap may be blocking the growth of the native heap
# Possible solutions:
#   Reduce memory load on the system
#   Increase physical memory or swap space
#   Check if swap backing store is full
#   Decrease Java heap size (-Xmx/-Xms)
#   Decrease number of Java threads
#   Decrease Java thread stack sizes (-Xss)
#   Set larger code cache with -XX:ReservedCodeCacheSize=
#   JVM is running with Unscaled Compressed Oops mode in which the Java heap is
#     placed in the first 4GB address space. The Java Heap base address is the
#     maximum limit for the native heap growth. Please use -XX:HeapBaseMinAddress
#     to set the Java Heap base and to place the Java Heap above 4GB virtual address.
# This output file may be truncated or incomplete.
#
#  Out of Memory Error (memory/allocation.inline.hpp:61), pid=7240, tid=0x000000000000223c
#
# JRE version:  (8.0_221-b11) (build )
# Java VM: Java HotSpot(TM) 64-Bit Server VM (25.221-b11 mixed mode windows-amd64 compressed oops)
# Failed to write core dump. Minidumps are not enabled by default on client versions of Windows
#

---------------  T H R E A D  ---------------

Current thread (0x0000000002795000):  JavaThread "Unknown thread" [_thread_in_vm, id=8764, stack(0x0000000002690000,0x0000000002790000)]

Stack: [0x0000000002690000,0x0000000002790000]
[error occurred during error reporting (printing stack bounds), id 0xc0000005]

Native frames: (J=compiled Java code, j=interpreted, Vv=VM code, C=native code)


---------------  P R O C E S S  ---------------

Java Threads: ( => current thread )

Other Threads:

=>0x0000000002795000 (exited) JavaThread "Unknown thread" [_thread_in_vm, id=8764, stack(0x0000000002690000,0x0000000002790000)]

VM state:not at safepoint (normal execution)

VM Mutex/Monitor currently owned by a thread: None

heap address: 0x00000000c1400000, size: 1004 MB, Compressed Oops mode: 32-bit
Narrow klass base: 0x0000000000000000, Narrow klass shift: 3
Compressed class space size: 1073741824 Address: 0x0000000100000000

Heap:
 PSYoungGen      total 18944K, used 327K [0x00000000eb180000, 0x00000000ec680000, 0x0000000100000000)
  eden space 16384K, 2% used [0x00000000eb180000,0x00000000eb1d1ec8,0x00000000ec180000)
  from space 2560K, 0% used [0x00000000ec400000,0x00000000ec400000,0x00000000ec680000)
  to   space 2560K, 0% used [0x00000000ec180000,0x00000000ec180000,0x00000000ec400000)
 ParOldGen       total 44032K, used 0K [0x00000000c1400000, 0x00000000c3f00000, 0x00000000eb180000)
  object space 44032K, 0% used [0x00000000c1400000,0x00000000c1400000,0x00000000c3f00000)
 Metaspace       used 754K, capacity 1092K, committed 1152K, reserved 1060864K
  class space    used 76K, capacity 384K, committed 384K, reserved 1048576K

Card table byte_map: [0x0000000011c50000,0x0000000011e50000] byte_map_base: 0x0000000011646000

Marking Bits: (ParMarkBitMap*) 0x000000005f115ce0
 Begin Bits: [0x00000000121a0000, 0x0000000013150000)
 End Bits:   [0x0000000013150000, 0x0000000014100000)

Polling page: 0x00000000024f0000

CodeCache: size=245760Kb used=327Kb max_used=327Kb free=245432Kb
 bounds [0x0000000002890000, 0x0000000002b00000, 0x0000000011890000]
 total_blobs=57 nmethods=0 adapters=38
 compilation: enabled

Compilation events (0 events):
No events

GC Heap History (0 events):
No events

Deoptimization events (0 events):
No events

Classes redefined (0 events):
No events

Internal exceptions (0 events):
No events

Events (10 events):
Event: 0.234 loading class java/lang/Short
Event: 0.234 loading class java/lang/Short done
Event: 0.234 loading class java/lang/Integer
Event: 0.235 loading class java/lang/Integer done
Event: 0.235 loading class java/lang/Long
Event: 0.236 loading class java/lang/Long done
Event: 0.238 loading class java/lang/NullPointerException
Event: 0.238 loading class java/lang/NullPointerException done
Event: 0.238 loading class java/lang/ArithmeticException
Event: 0.238 loading class java/lang/ArithmeticException done


Dynamic libraries:
0x00007ff670dd0000 - 0x00007ff670e07000 	C:\Program Files\Java\jre1.8.0_221\bin\javaw.exe
0x00007ffa0fc40000 - 0x00007ffa0fe21000 	C:\Windows\SYSTEM32\ntdll.dll
0x00007ff9f0db0000 - 0x00007ff9f0dc4000 	C:\Program Files\AVG\Antivirus\aswhook.dll
0x00007ffa0d350000 - 0x00007ffa0d401000 	C:\Windows\System32\KERNEL32.DLL
0x00007ffa0c0c0000 - 0x00007ffa0c333000 	C:\Windows\System32\KERNELBASE.dll
0x00007ffa0a1f0000 - 0x00007ffa0a27b000 	C:\Windows\SYSTEM32\apphelp.dll
0x00007ff9d0380000 - 0x00007ff9d080f000 	C:\Windows\SYSTEM32\AcLayers.DLL
0x00007ffa0d860000 - 0x00007ffa0d8fe000 	C:\Windows\System32\msvcrt.dll
0x00007ffa0f920000 - 0x00007ffa0fab0000 	C:\Windows\System32\USER32.dll
0x00007ffa0d0b0000 - 0x00007ffa0d0d0000 	C:\Windows\System32\win32u.dll
0x00007ffa0d100000 - 0x00007ffa0d128000 	C:\Windows\System32\GDI32.dll
0x00007ffa0c720000 - 0x00007ffa0c8b1000 	C:\Windows\System32\gdi32full.dll
0x00007ffa0c680000 - 0x00007ffa0c71f000 	C:\Windows\System32\msvcp_win.dll
0x00007ffa0c580000 - 0x00007ffa0c678000 	C:\Windows\System32\ucrtbase.dll
0x00007ffa0f860000 - 0x00007ffa0f8b1000 	C:\Windows\System32\SHLWAPI.dll
0x00007ffa0db90000 - 0x00007ffa0deb2000 	C:\Windows\System32\combase.dll
0x00007ffa0f730000 - 0x00007ffa0f854000 	C:\Windows\System32\RPCRT4.dll
0x00007ffa0c920000 - 0x00007ffa0c999000 	C:\Windows\System32\bcryptPrimitives.dll
0x00007ff9f2460000 - 0x00007ff9f24e5000 	C:\Windows\SYSTEM32\WINSPOOL.DRV
0x00007ffa0bfd0000 - 0x00007ffa0bfe1000 	C:\Windows\System32\kernel.appcore.dll
0x00007ffa08980000 - 0x00007ffa08b34000 	C:\Windows\SYSTEM32\PROPSYS.dll
0x00007ffa0f550000 - 0x00007ffa0f612000 	C:\Windows\System32\OLEAUT32.dll
0x00007ffa0f680000 - 0x00007ffa0f729000 	C:\Windows\System32\shcore.dll
0x00007ffa0f620000 - 0x00007ffa0f67b000 	C:\Windows\System32\sechost.dll
0x00007ffa0b4c0000 - 0x00007ffa0b4f8000 	C:\Windows\SYSTEM32\IPHLPAPI.DLL
0x00007ffa0ba50000 - 0x00007ffa0ba75000 	C:\Windows\SYSTEM32\bcrypt.dll
0x0000000000830000 - 0x0000000000833000 	C:\Windows\SYSTEM32\sfc.dll
0x00007ffa008a0000 - 0x00007ffa008b3000 	C:\Windows\SYSTEM32\sfc_os.DLL
0x00007ff9ec9e0000 - 0x00007ff9ec9f1000 	C:\Windows\SYSTEM32\SortWindows61.dll
0x00007ffa0d230000 - 0x00007ffa0d25d000 	C:\Windows\System32\IMM32.DLL
0x00007ffa0dec0000 - 0x00007ffa0df61000 	C:\Windows\System32\ADVAPI32.dll
0x00007ff9f60b0000 - 0x00007ff9f6319000 	C:\Windows\WinSxS\amd64_microsoft.windows.common-controls_6595b64144ccf1df_6.0.17134.950_none_fb3da4273069d3e0\COMCTL32.dll
0x000000005e730000 - 0x000000005e802000 	C:\Program Files\Java\jre1.8.0_221\bin\msvcr100.dll
0x000000005e8f0000 - 0x000000005f195000 	C:\Program Files\Java\jre1.8.0_221\bin\server\jvm.dll
0x00007ffa0d0d0000 - 0x00007ffa0d0d8000 	C:\Windows\System32\PSAPI.DLL
0x00007ffa01870000 - 0x00007ffa01879000 	C:\Windows\SYSTEM32\WSOCK32.dll
0x00007ffa0d900000 - 0x00007ffa0d96c000 	C:\Windows\System32\WS2_32.dll
0x00007ff9f5f90000 - 0x00007ff9f5fb3000 	C:\Windows\SYSTEM32\WINMM.dll
0x00007ffa041c0000 - 0x00007ffa041ca000 	C:\Windows\SYSTEM32\VERSION.dll
0x00007ff9f5f60000 - 0x00007ff9f5f8a000 	C:\Windows\SYSTEM32\WINMMBASE.dll
0x00007ffa0c530000 - 0x00007ffa0c579000 	C:\Windows\System32\cfgmgr32.dll
0x00007ffa05300000 - 0x00007ffa0530f000 	C:\Program Files\Java\jre1.8.0_221\bin\verify.dll
0x00007ff9e7350000 - 0x00007ff9e7379000 	C:\Program Files\Java\jre1.8.0_221\bin\java.dll
0x00007ff9ec9c0000 - 0x00007ff9ec9d6000 	C:\Program Files\Java\jre1.8.0_221\bin\zip.dll

VM Arguments:
jvm_args: -Dfile.encoding=Cp1252 
java_command: com.bene.main.Game
java_class_path (initial): C:\Users\benet\eclipse-workspace\InvasaoEspacial\bin
Launcher Type: SUN_STANDARD

Environment Variables:
JAVA_HOME=C:\Program Files\Java\jdk-11.0.1
JRE_HOME=C:\Program Files\Java\jre1.8.0_201
CLASSPATH=.;C:\PROGRA~2\JMF21~1.1E\lib\sound.jar;C:\PROGRA~2\JMF21~1.1E\lib\jmf.jar;C:\PROGRA~2\JMF21~1.1E\lib;;%JAVA_HOME%\lib;
PATH=C:/Program Files/Java/jre1.8.0_221/bin/server;C:/Program Files/Java/jre1.8.0_221/bin;C:/Program Files/Java/jre1.8.0_221/lib/amd64;C:\Program Files (x86)\Common Files\Oracle\Java\javapath;C:\Windows\system32;C:\Windows;C:\Windows\System32\Wbem;C:\Windows\System32\WindowsPowerShell\v1.0\;C:\Windows\System32\OpenSSH\;C:\Program Files\Java\jdk-11.0.1\bin;C:\Program Files (x86)\Common Files\Adobe\AGL;C:\Program Files (x86)\Common Files\Propellerhead Software\ReWire\;C:\Program Files\Common Files\Propellerhead Software\ReWire\;C:\sqlite;C:\Program Files\dotnet\;;C:\Program Files\Java\jdk-11.0.1\bin;;C:\Users\benet\AppData\Local\Programs\Microsoft VS Code\bin;C:\Windows\system32;
USERNAME=benet
OS=Windows_NT
PROCESSOR_IDENTIFIER=Intel64 Family 6 Model 76 Stepping 4, GenuineIntel



---------------  S Y S T E M  ---------------

OS: Windows 10.0 , 64 bit Build 17134 (10.0.17134.753)

CPU:total 2 (initial active 2) (2 cores per cpu, 1 threads per core) family 6 model 76 stepping 4, cmov, cx8, fxsr, mmx, sse, sse2, sse3, ssse3, sse4.1, sse4.2, popcnt, aes, clmul, erms, 3dnowpref, tsc, tscinvbit

Memory: 4k page, physical 4108748k(638480k free), swap 16691660k(5132k free)

vm_info: Java HotSpot(TM) 64-Bit Server VM (25.221-b11) for windows-amd64 JRE (1.8.0_221-b11), built on Jul  4 2019 04:39:29 by "java_re" with MS VC++ 10.0 (VS2010)

time: Mon Dec 09 02:45:46 2019
timezone: Hora oficial do Brasil
elapsed time: 0 seconds (0d 0h 0m 0s)

